<?xml version="1.0" encoding="UTF-8"?>
<testng-results ignored="0" total="1" passed="1" failed="0" skipped="0">
  <reporter-output>
  </reporter-output>
  <suite started-at="2022-03-23T00:37:50 IST" name="Default suite" finished-at="2022-03-23T00:38:29 IST" duration-ms="38657">
    <groups>
      <group name="cucumber">
        <method signature="OpenCartRunner.Scenario(io.cucumber.testng.PickleWrapper,io.cucumber.testng.FeatureWrapper)[pri:0, instance:com.runner.OpenCartRunner@20140db9]" name="Scenario" class="com.runner.OpenCartRunner"/>
      </group> <!-- cucumber -->
    </groups>
    <test started-at="2022-03-23T00:37:50 IST" name="Default test" finished-at="2022-03-23T00:38:29 IST" duration-ms="38657">
      <class name="com.runner.OpenCartRunner">
        <test-method is-config="true" signature="setUpCucumber()[pri:0, instance:com.runner.OpenCartRunner@20140db9]" started-at="2022-03-23T00:37:50 IST" name="setUpCucumber" finished-at="2022-03-23T00:37:52 IST" duration-ms="1345" status="PASS">
          <reporter-output>
          </reporter-output>
        </test-method> <!-- setUpCucumber -->
        <test-method is-config="true" signature="setUpClass()[pri:0, instance:com.runner.OpenCartRunner@20140db9]" started-at="2022-03-23T00:37:52 IST" name="setUpClass" finished-at="2022-03-23T00:37:52 IST" duration-ms="0" status="PASS">
          <reporter-output>
          </reporter-output>
        </test-method> <!-- setUpClass -->
        <test-method signature="Scenario(io.cucumber.testng.PickleWrapper,io.cucumber.testng.FeatureWrapper)[pri:0, instance:com.runner.OpenCartRunner@20140db9]" started-at="2022-03-23T00:37:52 IST" name="Scenario" description="Runs Cucumber Feature" data-provider="Scenarios" finished-at="2022-03-23T00:38:28 IST" duration-ms="36887" status="PASS">
          <params>
            <param index="0">
              <value>
                <![CDATA["To validate by providing valid values for First Name, Last Name, Email, Phone Number input field in the Personal Details Form"]]>
              </value>
            </param>
            <param index="1">
              <value>
                <![CDATA["Optional[Ordering and Checkout Verification]"]]>
              </value>
            </param>
          </params>
          <reporter-output>
          </reporter-output>
        </test-method> <!-- Scenario -->
        <test-method is-config="true" signature="tearDownClass()[pri:0, instance:com.runner.OpenCartRunner@20140db9]" started-at="2022-03-23T00:38:29 IST" name="tearDownClass" finished-at="2022-03-23T00:38:29 IST" duration-ms="342" status="PASS">
          <reporter-output>
          </reporter-output>
        </test-method> <!-- tearDownClass -->
      </class> <!-- com.runner.OpenCartRunner -->
    </test> <!-- Default test -->
  </suite> <!-- Default suite -->
</testng-results>
